<?xml version="1.0" encoding="UTF-8"?>
<testng-results skipped="1" failed="0" ignored="0" total="1" passed="0">
  <reporter-output>
  </reporter-output>
  <suite name="Suite" duration-ms="2873" started-at="2022-12-04T08:36:56 UTC" finished-at="2022-12-04T08:36:58 UTC">
    <groups>
    </groups>
    <test name="Test" duration-ms="2873" started-at="2022-12-04T08:36:56 UTC" finished-at="2022-12-04T08:36:58 UTC">
      <class name="com.guru99.tests.LoginTests">
        <test-method status="PASS" signature="preSetup()[pri:0, instance:com.guru99.tests.LoginTests@694e1548]" name="preSetup" is-config="true" duration-ms="388" started-at="2022-12-04T08:36:55 UTC" finished-at="2022-12-04T08:36:56 UTC">
          <reporter-output>
          </reporter-output>
        </test-method> <!-- preSetup -->
        <test-method status="FAIL" signature="setup()[pri:0, instance:com.guru99.tests.LoginTests@694e1548]" name="setup" is-config="true" duration-ms="2773" started-at="2022-12-04T08:36:56 UTC" finished-at="2022-12-04T08:36:58 UTC">
          <exception class="org.openqa.selenium.SessionNotCreatedException">
            <message>
              <![CDATA[session not created: This version of ChromeDriver only supports Chrome version 85
Build info: version: '3.141.59', revision: 'e82be7d358', time: '2018-11-14T08:17:03'
System info: host: 'EC2AMAZ-J5GP1U8', ip: '10.199.33.15', os.name: 'Windows Server 2019', os.arch: 'amd64', os.version: '10.0', java.version: '1.8.0_241'
Driver info: driver.version: CommonDriver
remote stacktrace: Backtrace:
Ordinal0 [0x013AD383+3134339]
Ordinal0 [0x0129A171+2007409]
Ordinal0 [0x0113AEE8+569064]
Ordinal0 [0x010C139F+70559]
Ordinal0 [0x010BCC63+52323]
Ordinal0 [0x010E0DFC+200188]
Ordinal0 [0x010E0C1D+199709]
Ordinal0 [0x010DEB0B+191243]
Ordinal0 [0x010C2E77+77431]
Ordinal0 [0x010C3E3E+81470]
Ordinal0 [0x010C3DC9+81353]
Ordinal0 [0x012B0CD9+2100441]
GetHandleVerifier [0x0151B75A+1396954]
GetHandleVerifier [0x0151B3D9+1396057]
GetHandleVerifier [0x01527126+1444518]
GetHandleVerifier [0x0151BCE8+1398376]
Ordinal0 [0x012A7F51+2064209]
Ordinal0 [0x012B22EB+2106091]
Ordinal0 [0x012B2411+2106385]
Ordinal0 [0x012C49C4+2181572]
BaseThreadInitThunk [0x76490419+25]
RtlGetAppContainerNamedObjectPath [0x776F662D+237]
RtlGetAppContainerNamedObjectPath [0x776F65FD+189]
]]>
            </message>
            <full-stacktrace>
              <![CDATA[org.openqa.selenium.SessionNotCreatedException: session not created: This version of ChromeDriver only supports Chrome version 85
Build info: version: '3.141.59', revision: 'e82be7d358', time: '2018-11-14T08:17:03'
System info: host: 'EC2AMAZ-J5GP1U8', ip: '10.199.33.15', os.name: 'Windows Server 2019', os.arch: 'amd64', os.version: '10.0', java.version: '1.8.0_241'
Driver info: driver.version: CommonDriver
remote stacktrace: Backtrace:
Ordinal0 [0x013AD383+3134339]
Ordinal0 [0x0129A171+2007409]
Ordinal0 [0x0113AEE8+569064]
Ordinal0 [0x010C139F+70559]
Ordinal0 [0x010BCC63+52323]
Ordinal0 [0x010E0DFC+200188]
Ordinal0 [0x010E0C1D+199709]
Ordinal0 [0x010DEB0B+191243]
Ordinal0 [0x010C2E77+77431]
Ordinal0 [0x010C3E3E+81470]
Ordinal0 [0x010C3DC9+81353]
Ordinal0 [0x012B0CD9+2100441]
GetHandleVerifier [0x0151B75A+1396954]
GetHandleVerifier [0x0151B3D9+1396057]
GetHandleVerifier [0x01527126+1444518]
GetHandleVerifier [0x0151BCE8+1398376]
Ordinal0 [0x012A7F51+2064209]
Ordinal0 [0x012B22EB+2106091]
Ordinal0 [0x012B2411+2106385]
Ordinal0 [0x012C49C4+2181572]
BaseThreadInitThunk [0x76490419+25]
RtlGetAppContainerNamedObjectPath [0x776F662D+237]
RtlGetAppContainerNamedObjectPath [0x776F65FD+189]

at sun.reflect.NativeConstructorAccessorImpl.newInstance0(Native Method)
at sun.reflect.NativeConstructorAccessorImpl.newInstance(Unknown Source)
at sun.reflect.DelegatingConstructorAccessorImpl.newInstance(Unknown Source)
at java.lang.reflect.Constructor.newInstance(Unknown Source)
at org.openqa.selenium.remote.W3CHandshakeResponse.lambda$errorHandler$0(W3CHandshakeResponse.java:62)
at org.openqa.selenium.remote.HandshakeResponse.lambda$getResponseFunction$0(HandshakeResponse.java:30)
at org.openqa.selenium.remote.ProtocolHandshake.lambda$createSession$0(ProtocolHandshake.java:126)
at java.util.stream.ReferencePipeline$3$1.accept(Unknown Source)
at java.util.Spliterators$ArraySpliterator.tryAdvance(Unknown Source)
at java.util.stream.ReferencePipeline.forEachWithCancel(Unknown Source)
at java.util.stream.AbstractPipeline.copyIntoWithCancel(Unknown Source)
at java.util.stream.AbstractPipeline.copyInto(Unknown Source)
at java.util.stream.AbstractPipeline.wrapAndCopyInto(Unknown Source)
at java.util.stream.FindOps$FindOp.evaluateSequential(Unknown Source)
at java.util.stream.AbstractPipeline.evaluate(Unknown Source)
at java.util.stream.ReferencePipeline.findFirst(Unknown Source)
at org.openqa.selenium.remote.ProtocolHandshake.createSession(ProtocolHandshake.java:128)
at org.openqa.selenium.remote.ProtocolHandshake.createSession(ProtocolHandshake.java:74)
at org.openqa.selenium.remote.HttpCommandExecutor.execute(HttpCommandExecutor.java:136)
at org.openqa.selenium.remote.service.DriverCommandExecutor.execute(DriverCommandExecutor.java:83)
at org.openqa.selenium.remote.RemoteWebDriver.execute(RemoteWebDriver.java:552)
at org.openqa.selenium.remote.RemoteWebDriver.startSession(RemoteWebDriver.java:213)
at org.openqa.selenium.remote.RemoteWebDriver.<init>(RemoteWebDriver.java:131)
at org.openqa.selenium.chrome.ChromeDriver.<init>(ChromeDriver.java:181)
at org.openqa.selenium.chrome.ChromeDriver.<init>(ChromeDriver.java:168)
at org.openqa.selenium.chrome.ChromeDriver.<init>(ChromeDriver.java:123)
at commonLibs.implementation.CommonDriver.<init>(CommonDriver.java:30)
at com.guru99.tests.BaseTests.setup(BaseTests.java:53)
at sun.reflect.NativeMethodAccessorImpl.invoke0(Native Method)
at sun.reflect.NativeMethodAccessorImpl.invoke(Unknown Source)
at sun.reflect.DelegatingMethodAccessorImpl.invoke(Unknown Source)
at java.lang.reflect.Method.invoke(Unknown Source)
at org.testng.internal.MethodInvocationHelper.invokeMethod(MethodInvocationHelper.java:134)
at org.testng.internal.MethodInvocationHelper.invokeMethodConsideringTimeout(MethodInvocationHelper.java:63)
at org.testng.internal.ConfigInvoker.invokeConfigurationMethod(ConfigInvoker.java:348)
at org.testng.internal.ConfigInvoker.invokeConfigurations(ConfigInvoker.java:302)
at org.testng.internal.TestMethodWorker.invokeBeforeClassMethods(TestMethodWorker.java:176)
at org.testng.internal.TestMethodWorker.run(TestMethodWorker.java:122)
at java.util.ArrayList.forEach(Unknown Source)
at org.testng.TestRunner.privateRun(TestRunner.java:766)
at org.testng.TestRunner.run(TestRunner.java:587)
at org.testng.SuiteRunner.runTest(SuiteRunner.java:384)
at org.testng.SuiteRunner.runSequentially(SuiteRunner.java:378)
at org.testng.SuiteRunner.privateRun(SuiteRunner.java:337)
at org.testng.SuiteRunner.run(SuiteRunner.java:286)
at org.testng.SuiteRunnerWorker.runSuite(SuiteRunnerWorker.java:53)
at org.testng.SuiteRunnerWorker.run(SuiteRunnerWorker.java:96)
at org.testng.TestNG.runSuitesSequentially(TestNG.java:1187)
at org.testng.TestNG.runSuitesLocally(TestNG.java:1109)
at org.testng.TestNG.runSuites(TestNG.java:1039)
at org.testng.TestNG.run(TestNG.java:1007)
at org.testng.remote.AbstractRemoteTestNG.run(AbstractRemoteTestNG.java:115)
at org.testng.remote.RemoteTestNG.initAndRun(RemoteTestNG.java:251)
at org.testng.remote.RemoteTestNG.main(RemoteTestNG.java:77)
]]>
            </full-stacktrace>
          </exception> <!-- org.openqa.selenium.SessionNotCreatedException -->
          <reporter-output>
          </reporter-output>
        </test-method> <!-- setup -->
        <test-method status="SKIP" signature="verifyUserLoginWithCorrectCredentials(java.lang.String, java.lang.String)[pri:0, instance:com.guru99.tests.LoginTests@694e1548]" name="verifyUserLoginWithCorrectCredentials" duration-ms="0" started-at="2022-12-04T08:36:58 UTC" finished-at="2022-12-04T08:36:58 UTC">
          <exception class="org.openqa.selenium.SessionNotCreatedException">
            <message>
              <![CDATA[session not created: This version of ChromeDriver only supports Chrome version 85
Build info: version: '3.141.59', revision: 'e82be7d358', time: '2018-11-14T08:17:03'
System info: host: 'EC2AMAZ-J5GP1U8', ip: '10.199.33.15', os.name: 'Windows Server 2019', os.arch: 'amd64', os.version: '10.0', java.version: '1.8.0_241'
Driver info: driver.version: CommonDriver
remote stacktrace: Backtrace:
Ordinal0 [0x013AD383+3134339]
Ordinal0 [0x0129A171+2007409]
Ordinal0 [0x0113AEE8+569064]
Ordinal0 [0x010C139F+70559]
Ordinal0 [0x010BCC63+52323]
Ordinal0 [0x010E0DFC+200188]
Ordinal0 [0x010E0C1D+199709]
Ordinal0 [0x010DEB0B+191243]
Ordinal0 [0x010C2E77+77431]
Ordinal0 [0x010C3E3E+81470]
Ordinal0 [0x010C3DC9+81353]
Ordinal0 [0x012B0CD9+2100441]
GetHandleVerifier [0x0151B75A+1396954]
GetHandleVerifier [0x0151B3D9+1396057]
GetHandleVerifier [0x01527126+1444518]
GetHandleVerifier [0x0151BCE8+1398376]
Ordinal0 [0x012A7F51+2064209]
Ordinal0 [0x012B22EB+2106091]
Ordinal0 [0x012B2411+2106385]
Ordinal0 [0x012C49C4+2181572]
BaseThreadInitThunk [0x76490419+25]
RtlGetAppContainerNamedObjectPath [0x776F662D+237]
RtlGetAppContainerNamedObjectPath [0x776F65FD+189]
]]>
            </message>
            <full-stacktrace>
              <![CDATA[org.openqa.selenium.SessionNotCreatedException: session not created: This version of ChromeDriver only supports Chrome version 85
Build info: version: '3.141.59', revision: 'e82be7d358', time: '2018-11-14T08:17:03'
System info: host: 'EC2AMAZ-J5GP1U8', ip: '10.199.33.15', os.name: 'Windows Server 2019', os.arch: 'amd64', os.version: '10.0', java.version: '1.8.0_241'
Driver info: driver.version: CommonDriver
remote stacktrace: Backtrace:
Ordinal0 [0x013AD383+3134339]
Ordinal0 [0x0129A171+2007409]
Ordinal0 [0x0113AEE8+569064]
Ordinal0 [0x010C139F+70559]
Ordinal0 [0x010BCC63+52323]
Ordinal0 [0x010E0DFC+200188]
Ordinal0 [0x010E0C1D+199709]
Ordinal0 [0x010DEB0B+191243]
Ordinal0 [0x010C2E77+77431]
Ordinal0 [0x010C3E3E+81470]
Ordinal0 [0x010C3DC9+81353]
Ordinal0 [0x012B0CD9+2100441]
GetHandleVerifier [0x0151B75A+1396954]
GetHandleVerifier [0x0151B3D9+1396057]
GetHandleVerifier [0x01527126+1444518]
GetHandleVerifier [0x0151BCE8+1398376]
Ordinal0 [0x012A7F51+2064209]
Ordinal0 [0x012B22EB+2106091]
Ordinal0 [0x012B2411+2106385]
Ordinal0 [0x012C49C4+2181572]
BaseThreadInitThunk [0x76490419+25]
RtlGetAppContainerNamedObjectPath [0x776F662D+237]
RtlGetAppContainerNamedObjectPath [0x776F65FD+189]

at sun.reflect.NativeConstructorAccessorImpl.newInstance0(Native Method)
at sun.reflect.NativeConstructorAccessorImpl.newInstance(Unknown Source)
at sun.reflect.DelegatingConstructorAccessorImpl.newInstance(Unknown Source)
at java.lang.reflect.Constructor.newInstance(Unknown Source)
at org.openqa.selenium.remote.W3CHandshakeResponse.lambda$errorHandler$0(W3CHandshakeResponse.java:62)
at org.openqa.selenium.remote.HandshakeResponse.lambda$getResponseFunction$0(HandshakeResponse.java:30)
at org.openqa.selenium.remote.ProtocolHandshake.lambda$createSession$0(ProtocolHandshake.java:126)
at java.util.stream.ReferencePipeline$3$1.accept(Unknown Source)
at java.util.Spliterators$ArraySpliterator.tryAdvance(Unknown Source)
at java.util.stream.ReferencePipeline.forEachWithCancel(Unknown Source)
at java.util.stream.AbstractPipeline.copyIntoWithCancel(Unknown Source)
at java.util.stream.AbstractPipeline.copyInto(Unknown Source)
at java.util.stream.AbstractPipeline.wrapAndCopyInto(Unknown Source)
at java.util.stream.FindOps$FindOp.evaluateSequential(Unknown Source)
at java.util.stream.AbstractPipeline.evaluate(Unknown Source)
at java.util.stream.ReferencePipeline.findFirst(Unknown Source)
at org.openqa.selenium.remote.ProtocolHandshake.createSession(ProtocolHandshake.java:128)
at org.openqa.selenium.remote.ProtocolHandshake.createSession(ProtocolHandshake.java:74)
at org.openqa.selenium.remote.HttpCommandExecutor.execute(HttpCommandExecutor.java:136)
at org.openqa.selenium.remote.service.DriverCommandExecutor.execute(DriverCommandExecutor.java:83)
at org.openqa.selenium.remote.RemoteWebDriver.execute(RemoteWebDriver.java:552)
at org.openqa.selenium.remote.RemoteWebDriver.startSession(RemoteWebDriver.java:213)
at org.openqa.selenium.remote.RemoteWebDriver.<init>(RemoteWebDriver.java:131)
at org.openqa.selenium.chrome.ChromeDriver.<init>(ChromeDriver.java:181)
at org.openqa.selenium.chrome.ChromeDriver.<init>(ChromeDriver.java:168)
at org.openqa.selenium.chrome.ChromeDriver.<init>(ChromeDriver.java:123)
at commonLibs.implementation.CommonDriver.<init>(CommonDriver.java:30)
at com.guru99.tests.BaseTests.setup(BaseTests.java:53)
at sun.reflect.NativeMethodAccessorImpl.invoke0(Native Method)
at sun.reflect.NativeMethodAccessorImpl.invoke(Unknown Source)
at sun.reflect.DelegatingMethodAccessorImpl.invoke(Unknown Source)
at java.lang.reflect.Method.invoke(Unknown Source)
at org.testng.internal.MethodInvocationHelper.invokeMethod(MethodInvocationHelper.java:134)
at org.testng.internal.MethodInvocationHelper.invokeMethodConsideringTimeout(MethodInvocationHelper.java:63)
at org.testng.internal.ConfigInvoker.invokeConfigurationMethod(ConfigInvoker.java:348)
at org.testng.internal.ConfigInvoker.invokeConfigurations(ConfigInvoker.java:302)
at org.testng.internal.TestMethodWorker.invokeBeforeClassMethods(TestMethodWorker.java:176)
at org.testng.internal.TestMethodWorker.run(TestMethodWorker.java:122)
at java.util.ArrayList.forEach(Unknown Source)
at org.testng.TestRunner.privateRun(TestRunner.java:766)
at org.testng.TestRunner.run(TestRunner.java:587)
at org.testng.SuiteRunner.runTest(SuiteRunner.java:384)
at org.testng.SuiteRunner.runSequentially(SuiteRunner.java:378)
at org.testng.SuiteRunner.privateRun(SuiteRunner.java:337)
at org.testng.SuiteRunner.run(SuiteRunner.java:286)
at org.testng.SuiteRunnerWorker.runSuite(SuiteRunnerWorker.java:53)
at org.testng.SuiteRunnerWorker.run(SuiteRunnerWorker.java:96)
at org.testng.TestNG.runSuitesSequentially(TestNG.java:1187)
at org.testng.TestNG.runSuitesLocally(TestNG.java:1109)
at org.testng.TestNG.runSuites(TestNG.java:1039)
at org.testng.TestNG.run(TestNG.java:1007)
at org.testng.remote.AbstractRemoteTestNG.run(AbstractRemoteTestNG.java:115)
at org.testng.remote.RemoteTestNG.initAndRun(RemoteTestNG.java:251)
at org.testng.remote.RemoteTestNG.main(RemoteTestNG.java:77)
]]>
            </full-stacktrace>
          </exception> <!-- org.openqa.selenium.SessionNotCreatedException -->
          <reporter-output>
          </reporter-output>
        </test-method> <!-- verifyUserLoginWithCorrectCredentials -->
        <test-method status="SKIP" signature="tearDown()[pri:0, instance:com.guru99.tests.LoginTests@694e1548]" name="tearDown" is-config="true" duration-ms="-1670143018890" started-at="2022-12-04T08:36:58 UTC" finished-at="1970-01-01T00:00:00 UTC">
          <reporter-output>
          </reporter-output>
        </test-method> <!-- tearDown -->
        <test-method status="PASS" signature="postTeatdown()[pri:0, instance:com.guru99.tests.LoginTests@694e1548]" name="postTeatdown" is-config="true" duration-ms="3" started-at="2022-12-04T08:36:58 UTC" finished-at="2022-12-04T08:36:58 UTC">
          <reporter-output>
          </reporter-output>
        </test-method> <!-- postTeatdown -->
      </class> <!-- com.guru99.tests.LoginTests -->
    </test> <!-- Test -->
  </suite> <!-- Suite -->
</testng-results>
