<?xml version="1.0" encoding="UTF-8"?>
<!-- Generated by org.testng.reporters.JUnitReportReporter -->
<testsuite skipped="1" hostname="EC2AMAZ-J5GP1U8" name="com.guru99.tests.LoginTests" tests="2" failures="0" timestamp="2022-12-04T08:36:58 UTC" time="2.773" errors="1">
  <testcase name="verifyUserLoginWithCorrectCredentials" time="0.000" classname="com.guru99.tests.LoginTests">
    <skipped/>
  </testcase> <!-- verifyUserLoginWithCorrectCredentials -->
  <system-out/>
  <testcase name="setup" time="2.773" classname="com.guru99.tests.LoginTests">
    <error type="org.openqa.selenium.SessionNotCreatedException" message="session not created: This version of ChromeDriver only supports Chrome version 85
Build info: version: &#039;3.141.59&#039;, revision: &#039;e82be7d358&#039;, time: &#039;2018-11-14T08:17:03&#039;
System info: host: &#039;EC2AMAZ-J5GP1U8&#039;, ip: &#039;10.199.33.15&#039;, os.name: &#039;Windows Server 2019&#039;, os.arch: &#039;amd64&#039;, os.version: &#039;10.0&#039;, java.version: &#039;1.8.0_241&#039;
Driver info: driver.version: CommonDriver
remote stacktrace: Backtrace:
	Ordinal0 [0x013AD383+3134339]
	Ordinal0 [0x0129A171+2007409]
	Ordinal0 [0x0113AEE8+569064]
	Ordinal0 [0x010C139F+70559]
	Ordinal0 [0x010BCC63+52323]
	Ordinal0 [0x010E0DFC+200188]
	Ordinal0 [0x010E0C1D+199709]
	Ordinal0 [0x010DEB0B+191243]
	Ordinal0 [0x010C2E77+77431]
	Ordinal0 [0x010C3E3E+81470]
	Ordinal0 [0x010C3DC9+81353]
	Ordinal0 [0x012B0CD9+2100441]
	GetHandleVerifier [0x0151B75A+1396954]
	GetHandleVerifier [0x0151B3D9+1396057]
	GetHandleVerifier [0x01527126+1444518]
	GetHandleVerifier [0x0151BCE8+1398376]
	Ordinal0 [0x012A7F51+2064209]
	Ordinal0 [0x012B22EB+2106091]
	Ordinal0 [0x012B2411+2106385]
	Ordinal0 [0x012C49C4+2181572]
	BaseThreadInitThunk [0x76490419+25]
	RtlGetAppContainerNamedObjectPath [0x776F662D+237]
	RtlGetAppContainerNamedObjectPath [0x776F65FD+189]
">
      <![CDATA[org.openqa.selenium.SessionNotCreatedException: session not created: This version of ChromeDriver only supports Chrome version 85
Build info: version: '3.141.59', revision: 'e82be7d358', time: '2018-11-14T08:17:03'
System info: host: 'EC2AMAZ-J5GP1U8', ip: '10.199.33.15', os.name: 'Windows Server 2019', os.arch: 'amd64', os.version: '10.0', java.version: '1.8.0_241'
Driver info: driver.version: CommonDriver
remote stacktrace: Backtrace:
Ordinal0 [0x013AD383+3134339]
Ordinal0 [0x0129A171+2007409]
Ordinal0 [0x0113AEE8+569064]
Ordinal0 [0x010C139F+70559]
Ordinal0 [0x010BCC63+52323]
Ordinal0 [0x010E0DFC+200188]
Ordinal0 [0x010E0C1D+199709]
Ordinal0 [0x010DEB0B+191243]
Ordinal0 [0x010C2E77+77431]
Ordinal0 [0x010C3E3E+81470]
Ordinal0 [0x010C3DC9+81353]
Ordinal0 [0x012B0CD9+2100441]
GetHandleVerifier [0x0151B75A+1396954]
GetHandleVerifier [0x0151B3D9+1396057]
GetHandleVerifier [0x01527126+1444518]
GetHandleVerifier [0x0151BCE8+1398376]
Ordinal0 [0x012A7F51+2064209]
Ordinal0 [0x012B22EB+2106091]
Ordinal0 [0x012B2411+2106385]
Ordinal0 [0x012C49C4+2181572]
BaseThreadInitThunk [0x76490419+25]
RtlGetAppContainerNamedObjectPath [0x776F662D+237]
RtlGetAppContainerNamedObjectPath [0x776F65FD+189]

at sun.reflect.NativeConstructorAccessorImpl.newInstance0(Native Method)
at sun.reflect.NativeConstructorAccessorImpl.newInstance(Unknown Source)
at sun.reflect.DelegatingConstructorAccessorImpl.newInstance(Unknown Source)
at java.lang.reflect.Constructor.newInstance(Unknown Source)
at org.openqa.selenium.remote.W3CHandshakeResponse.lambda$errorHandler$0(W3CHandshakeResponse.java:62)
at org.openqa.selenium.remote.HandshakeResponse.lambda$getResponseFunction$0(HandshakeResponse.java:30)
at org.openqa.selenium.remote.ProtocolHandshake.lambda$createSession$0(ProtocolHandshake.java:126)
at java.util.stream.ReferencePipeline$3$1.accept(Unknown Source)
at java.util.Spliterators$ArraySpliterator.tryAdvance(Unknown Source)
at java.util.stream.ReferencePipeline.forEachWithCancel(Unknown Source)
at java.util.stream.AbstractPipeline.copyIntoWithCancel(Unknown Source)
at java.util.stream.AbstractPipeline.copyInto(Unknown Source)
at java.util.stream.AbstractPipeline.wrapAndCopyInto(Unknown Source)
at java.util.stream.FindOps$FindOp.evaluateSequential(Unknown Source)
at java.util.stream.AbstractPipeline.evaluate(Unknown Source)
at java.util.stream.ReferencePipeline.findFirst(Unknown Source)
at org.openqa.selenium.remote.ProtocolHandshake.createSession(ProtocolHandshake.java:128)
at org.openqa.selenium.remote.ProtocolHandshake.createSession(ProtocolHandshake.java:74)
at org.openqa.selenium.remote.HttpCommandExecutor.execute(HttpCommandExecutor.java:136)
at org.openqa.selenium.remote.service.DriverCommandExecutor.execute(DriverCommandExecutor.java:83)
at org.openqa.selenium.remote.RemoteWebDriver.execute(RemoteWebDriver.java:552)
at org.openqa.selenium.remote.RemoteWebDriver.startSession(RemoteWebDriver.java:213)
at org.openqa.selenium.remote.RemoteWebDriver.<init>(RemoteWebDriver.java:131)
at org.openqa.selenium.chrome.ChromeDriver.<init>(ChromeDriver.java:181)
at org.openqa.selenium.chrome.ChromeDriver.<init>(ChromeDriver.java:168)
at org.openqa.selenium.chrome.ChromeDriver.<init>(ChromeDriver.java:123)
at commonLibs.implementation.CommonDriver.<init>(CommonDriver.java:30)
at com.guru99.tests.BaseTests.setup(BaseTests.java:53)
at sun.reflect.NativeMethodAccessorImpl.invoke0(Native Method)
at sun.reflect.NativeMethodAccessorImpl.invoke(Unknown Source)
at sun.reflect.DelegatingMethodAccessorImpl.invoke(Unknown Source)
at java.lang.reflect.Method.invoke(Unknown Source)
at org.testng.internal.MethodInvocationHelper.invokeMethod(MethodInvocationHelper.java:134)
at org.testng.internal.MethodInvocationHelper.invokeMethodConsideringTimeout(MethodInvocationHelper.java:63)
at org.testng.internal.ConfigInvoker.invokeConfigurationMethod(ConfigInvoker.java:348)
at org.testng.internal.ConfigInvoker.invokeConfigurations(ConfigInvoker.java:302)
at org.testng.internal.TestMethodWorker.invokeBeforeClassMethods(TestMethodWorker.java:176)
at org.testng.internal.TestMethodWorker.run(TestMethodWorker.java:122)
at java.util.ArrayList.forEach(Unknown Source)
at org.testng.TestRunner.privateRun(TestRunner.java:766)
at org.testng.TestRunner.run(TestRunner.java:587)
at org.testng.SuiteRunner.runTest(SuiteRunner.java:384)
at org.testng.SuiteRunner.runSequentially(SuiteRunner.java:378)
at org.testng.SuiteRunner.privateRun(SuiteRunner.java:337)
at org.testng.SuiteRunner.run(SuiteRunner.java:286)
at org.testng.SuiteRunnerWorker.runSuite(SuiteRunnerWorker.java:53)
at org.testng.SuiteRunnerWorker.run(SuiteRunnerWorker.java:96)
at org.testng.TestNG.runSuitesSequentially(TestNG.java:1187)
at org.testng.TestNG.runSuitesLocally(TestNG.java:1109)
at org.testng.TestNG.runSuites(TestNG.java:1039)
at org.testng.TestNG.run(TestNG.java:1007)
at org.testng.remote.AbstractRemoteTestNG.run(AbstractRemoteTestNG.java:115)
at org.testng.remote.RemoteTestNG.initAndRun(RemoteTestNG.java:251)
at org.testng.remote.RemoteTestNG.main(RemoteTestNG.java:77)
]]>
    </error>
  </testcase> <!-- setup -->
  <system-out/>
</testsuite> <!-- com.guru99.tests.LoginTests -->
