<?xml version="1.0" encoding="UTF-8"?>
<!-- Generated by org.testng.reporters.JUnitXMLReporter -->
<testsuite hostname="EC2AMAZ-J5GP1U8" ignored="0" name="Test" tests="1" failures="0" timestamp="2022-12-04T08:36:58 UTC" time="2.873" errors="0">
  <testcase name="@BeforeClass setup" time="2.773" classname="com.guru99.tests.BaseTests">
    <failure type="org.openqa.selenium.SessionNotCreatedException" message="session not created: This version of ChromeDriver only supports Chrome version 85
Build info: version: &amp;apos;3.141.59&amp;apos;, revision: &amp;apos;e82be7d358&amp;apos;, time: &amp;apos;2018-11-14T08:17:03&amp;apos;
System info: host: &amp;apos;EC2AMAZ-J5GP1U8&amp;apos;, ip: &amp;apos;10.199.33.15&amp;apos;, os.name: &amp;apos;Windows Server 2019&amp;apos;, os.arch: &amp;apos;amd64&amp;apos;, os.version: &amp;apos;10.0&amp;apos;, java.version: &amp;apos;1.8.0_241&amp;apos;
Driver info: driver.version: CommonDriver
remote stacktrace: Backtrace:
	Ordinal0 [0x013AD383+3134339]
	Ordinal0 [0x0129A171+2007409]
	Ordinal0 [0x0113AEE8+569064]
	Ordinal0 [0x010C139F+70559]
	Ordinal0 [0x010BCC63+52323]
	Ordinal0 [0x010E0DFC+200188]
	Ordinal0 [0x010E0C1D+199709]
	Ordinal0 [0x010DEB0B+191243]
	Ordinal0 [0x010C2E77+77431]
	Ordinal0 [0x010C3E3E+81470]
	Ordinal0 [0x010C3DC9+81353]
	Ordinal0 [0x012B0CD9+2100441]
	GetHandleVerifier [0x0151B75A+1396954]
	GetHandleVerifier [0x0151B3D9+1396057]
	GetHandleVerifier [0x01527126+1444518]
	GetHandleVerifier [0x0151BCE8+1398376]
	Ordinal0 [0x012A7F51+2064209]
	Ordinal0 [0x012B22EB+2106091]
	Ordinal0 [0x012B2411+2106385]
	Ordinal0 [0x012C49C4+2181572]
	BaseThreadInitThunk [0x76490419+25]
	RtlGetAppContainerNamedObjectPath [0x776F662D+237]
	RtlGetAppContainerNamedObjectPath [0x776F65FD+189]
">
      <![CDATA[org.openqa.selenium.SessionNotCreatedException: session not created: This version of ChromeDriver only supports Chrome version 85
Build info: version: '3.141.59', revision: 'e82be7d358', time: '2018-11-14T08:17:03'
System info: host: 'EC2AMAZ-J5GP1U8', ip: '10.199.33.15', os.name: 'Windows Server 2019', os.arch: 'amd64', os.version: '10.0', java.version: '1.8.0_241'
Driver info: driver.version: CommonDriver
remote stacktrace: Backtrace:
Ordinal0 [0x013AD383+3134339]
Ordinal0 [0x0129A171+2007409]
Ordinal0 [0x0113AEE8+569064]
Ordinal0 [0x010C139F+70559]
Ordinal0 [0x010BCC63+52323]
Ordinal0 [0x010E0DFC+200188]
Ordinal0 [0x010E0C1D+199709]
Ordinal0 [0x010DEB0B+191243]
Ordinal0 [0x010C2E77+77431]
Ordinal0 [0x010C3E3E+81470]
Ordinal0 [0x010C3DC9+81353]
Ordinal0 [0x012B0CD9+2100441]
GetHandleVerifier [0x0151B75A+1396954]
GetHandleVerifier [0x0151B3D9+1396057]
GetHandleVerifier [0x01527126+1444518]
GetHandleVerifier [0x0151BCE8+1398376]
Ordinal0 [0x012A7F51+2064209]
Ordinal0 [0x012B22EB+2106091]
Ordinal0 [0x012B2411+2106385]
Ordinal0 [0x012C49C4+2181572]
BaseThreadInitThunk [0x76490419+25]
RtlGetAppContainerNamedObjectPath [0x776F662D+237]
RtlGetAppContainerNamedObjectPath [0x776F65FD+189]

at org.openqa.selenium.remote.W3CHandshakeResponse.lambda$errorHandler$0(W3CHandshakeResponse.java:62)
at org.openqa.selenium.remote.HandshakeResponse.lambda$getResponseFunction$0(HandshakeResponse.java:30)
at org.openqa.selenium.remote.ProtocolHandshake.lambda$createSession$0(ProtocolHandshake.java:126)
at java.util.stream.ReferencePipeline$3$1.accept(Unknown Source)
at java.util.Spliterators$ArraySpliterator.tryAdvance(Unknown Source)
at java.util.stream.ReferencePipeline.forEachWithCancel(Unknown Source)
at java.util.stream.AbstractPipeline.copyIntoWithCancel(Unknown Source)
at java.util.stream.AbstractPipeline.copyInto(Unknown Source)
at java.util.stream.AbstractPipeline.wrapAndCopyInto(Unknown Source)
at java.util.stream.FindOps$FindOp.evaluateSequential(Unknown Source)
at java.util.stream.AbstractPipeline.evaluate(Unknown Source)
at java.util.stream.ReferencePipeline.findFirst(Unknown Source)
at org.openqa.selenium.remote.ProtocolHandshake.createSession(ProtocolHandshake.java:128)
at org.openqa.selenium.remote.ProtocolHandshake.createSession(ProtocolHandshake.java:74)
at org.openqa.selenium.remote.HttpCommandExecutor.execute(HttpCommandExecutor.java:136)
at org.openqa.selenium.remote.service.DriverCommandExecutor.execute(DriverCommandExecutor.java:83)
at org.openqa.selenium.remote.RemoteWebDriver.execute(RemoteWebDriver.java:552)
at org.openqa.selenium.remote.RemoteWebDriver.startSession(RemoteWebDriver.java:213)
at org.openqa.selenium.remote.RemoteWebDriver.<init>(RemoteWebDriver.java:131)
at org.openqa.selenium.chrome.ChromeDriver.<init>(ChromeDriver.java:181)
at org.openqa.selenium.chrome.ChromeDriver.<init>(ChromeDriver.java:168)
at org.openqa.selenium.chrome.ChromeDriver.<init>(ChromeDriver.java:123)
at commonLibs.implementation.CommonDriver.<init>(CommonDriver.java:30)
at com.guru99.tests.BaseTests.setup(BaseTests.java:53)
at java.util.ArrayList.forEach(Unknown Source)
... Removed 29 stack frames]]>
    </failure>
  </testcase> <!-- @BeforeClass setup -->
  <testcase name="@AfterClass tearDown" time="-1.67014301889E9" classname="com.guru99.tests.BaseTests">
    <skipped/>
  </testcase> <!-- @AfterClass tearDown -->
  <testcase name="verifyUserLoginWithCorrectCredentials" time="0.0" classname="com.guru99.tests.LoginTests">
    <skipped/>
  </testcase> <!-- verifyUserLoginWithCorrectCredentials -->
</testsuite> <!-- Test -->
